<?xml version="1.0" encoding="UTF-8"?>
<testng-results ignored="0" total="1" passed="1" failed="0" skipped="0">
  <reporter-output>
  </reporter-output>
  <suite started-at="2022-04-01T11:41:27 IST" name="Default suite" finished-at="2022-04-01T11:43:48 IST" duration-ms="141588">
    <groups>
      <group name="cucumber">
        <method signature="AbstractTestNGCucumberTests.runScenario(io.cucumber.testng.PickleWrapper,io.cucumber.testng.FeatureWrapper)[pri:0, instance:com.cucumberpom.Runner.testRunner@53fb3dab]" name="runScenario" class="io.cucumber.testng.AbstractTestNGCucumberTests"/>
      </group> <!-- cucumber -->
    </groups>
    <test started-at="2022-04-01T11:41:27 IST" name="Default test" finished-at="2022-04-01T11:43:48 IST" duration-ms="141588">
      <class name="com.cucumberpom.Runner.testRunner">
        <test-method is-config="true" signature="setUpClass(org.testng.ITestContext)[pri:0, instance:com.cucumberpom.Runner.testRunner@53fb3dab]" started-at="2022-04-01T11:41:27 IST" name="setUpClass" finished-at="2022-04-01T11:41:28 IST" duration-ms="1231" status="PASS">
          <params>
            <param index="0">
              <value>
                <![CDATA[org.testng.TestRunner@5503de1]]>
              </value>
            </param>
          </params>
          <reporter-output>
          </reporter-output>
        </test-method> <!-- setUpClass -->
        <test-method signature="runScenario(io.cucumber.testng.PickleWrapper,io.cucumber.testng.FeatureWrapper)[pri:0, instance:com.cucumberpom.Runner.testRunner@53fb3dab]" started-at="2022-04-01T11:41:28 IST" name="runScenario" description="Runs Cucumber Scenarios" data-provider="scenarios" finished-at="2022-04-01T11:43:48 IST" duration-ms="139691" status="PASS">
          <params>
            <param index="0">
              <value>
                <![CDATA["Trutime scenario"]]>
              </value>
            </param>
            <param index="1">
              <value>
                <![CDATA["Optional[Trutime application]"]]>
              </value>
            </param>
          </params>
          <reporter-output>
          </reporter-output>
        </test-method> <!-- runScenario -->
        <test-method is-config="true" signature="tearDownClass()[pri:0, instance:com.cucumberpom.Runner.testRunner@53fb3dab]" started-at="2022-04-01T11:43:48 IST" name="tearDownClass" finished-at="2022-04-01T11:43:48 IST" duration-ms="594" status="PASS">
          <reporter-output>
          </reporter-output>
        </test-method> <!-- tearDownClass -->
      </class> <!-- com.cucumberpom.Runner.testRunner -->
    </test> <!-- Default test -->
  </suite> <!-- Default suite -->
</testng-results>
